<?xml version="1.0" encoding="UTF-8"?>
<!-- Generated by org.testng.reporters.JUnitReportReporter -->
<testsuite hostname="DESKTOP-3689HFM" failures="0" tests="2" name="testcases.VerifyOrderCannotBePlacedWithoutSelectingTermsAndConditions" time="19.304" errors="0" timestamp="2023-10-23T22:16:23 IST" skipped="0">
  <testcase classname="testcases.VerifyOrderCannotBePlacedWithoutSelectingTermsAndConditions" name="FailingTestCase_notSelectTermsAndCondition" time="9.724"/>
  <system-out/>
  <testcase classname="testcases.VerifyOrderCannotBePlacedWithoutSelectingTermsAndConditions" name="selectTermsAndCondition" time="9.580"/>
  <system-out/>
</testsuite> <!-- testcases.VerifyOrderCannotBePlacedWithoutSelectingTermsAndConditions -->
