<?xml version="1.0" encoding="UTF-8"?>
<!-- Generated by org.testng.reporters.JUnitReportReporter -->
<testsuite hostname="DESKTOP-3689HFM" failures="0" tests="1" name="testcases.VerifyProductDetailsInMiniBasket" time="7.975" errors="0" timestamp="2023-10-23T22:16:23 IST" skipped="0">
  <testcase classname="testcases.VerifyProductDetailsInMiniBasket" name="checkDetailsInMiniBasket" time="7.975"/>
  <system-out/>
</testsuite> <!-- testcases.VerifyProductDetailsInMiniBasket -->
