<?xml version="1.0" encoding="UTF-8"?>
<!-- Generated by org.testng.reporters.JUnitReportReporter -->
<testsuite hostname="DESKTOP-3689HFM" failures="0" tests="1" name="testcases.VerifyUserCanNavigateToTermsAndConditionsPage" time="7.141" errors="0" timestamp="2023-09-26T12:34:30 IST" skipped="0">
  <testcase classname="testcases.VerifyUserCanNavigateToTermsAndConditionsPage" name="NavigateToTermsAndConditionsPage" time="7.141"/>
  <system-out/>
</testsuite> <!-- testcases.VerifyUserCanNavigateToTermsAndConditionsPage -->
