<?xml version="1.0" encoding="UTF-8"?>
<!-- Generated by org.testng.reporters.JUnitReportReporter -->
<testsuite hostname="DESKTOP-3689HFM" failures="0" tests="1" name="testcases.VerifyProductDetailsInCheckoutPage" time="5.861" errors="0" timestamp="2023-09-26T12:34:30 IST" skipped="0">
  <testcase classname="testcases.VerifyProductDetailsInCheckoutPage" name="checkoutPage" time="5.861"/>
  <system-out/>
</testsuite> <!-- testcases.VerifyProductDetailsInCheckoutPage -->
