<?xml version="1.0" encoding="UTF-8"?>
<!-- Generated by org.testng.reporters.JUnitReportReporter -->
<testsuite hostname="DESKTOP-3689HFM" failures="0" tests="2" name="testcases.VerifyOrderCannotBePlacedWithoutSelectingTermsAndConditions" time="19.303" errors="0" timestamp="2023-09-26T15:24:32 IST" skipped="0">
  <testcase classname="testcases.VerifyOrderCannotBePlacedWithoutSelectingTermsAndConditions" name="selectTermsAndCondition" time="9.917"/>
  <system-out/>
  <testcase classname="testcases.VerifyOrderCannotBePlacedWithoutSelectingTermsAndConditions" name="FailingTestCase_notSelectTermsAndCondition" time="9.386"/>
  <system-out/>
</testsuite> <!-- testcases.VerifyOrderCannotBePlacedWithoutSelectingTermsAndConditions -->
