<?xml version="1.0" encoding="UTF-8"?>
<!-- Generated by org.testng.reporters.JUnitReportReporter -->
<testsuite hostname="DESKTOP-3689HFM" failures="0" tests="2" name="testcases.VerifyMultipleItemOrderType" time="23.255" errors="0" timestamp="2023-09-26T15:24:32 IST" skipped="0">
  <testcase classname="testcases.VerifyMultipleItemOrderType" name="VerifyMultiLineMultiQtyOrder" time="11.938"/>
  <system-out/>
  <testcase classname="testcases.VerifyMultipleItemOrderType" name="VerifyMultiLIneOrder" time="11.317"/>
  <system-out/>
</testsuite> <!-- testcases.VerifyMultipleItemOrderType -->
