<?xml version="1.0" encoding="UTF-8"?>
<!-- Generated by org.testng.reporters.JUnitReportReporter -->
<testsuite hostname="DESKTOP-3689HFM" failures="0" tests="2" name="testcases.VerifyMultipleItemOrderType" time="12.870" errors="0" timestamp="2023-09-26T12:34:30 IST" skipped="0">
  <testcase classname="testcases.VerifyMultipleItemOrderType" name="VerifyMultiLIneOrder" time="6.212"/>
  <system-out/>
  <testcase classname="testcases.VerifyMultipleItemOrderType" name="VerifyMultiLineMultiQtyOrder" time="6.658"/>
  <system-out/>
</testsuite> <!-- testcases.VerifyMultipleItemOrderType -->
