<?xml version="1.0" encoding="UTF-8"?>
<!-- Generated by org.testng.reporters.JUnitReportReporter -->
<testsuite hostname="DESKTOP-3689HFM" failures="0" tests="2" name="testcases.VerifySearchFuntioanlityOnHomePage" time="11.262" errors="0" timestamp="2023-09-26T12:34:30 IST" skipped="0">
  <testcase classname="testcases.VerifySearchFuntioanlityOnHomePage" name="matchingSearchedProduct" time="5.995"/>
  <system-out/>
  <testcase classname="testcases.VerifySearchFuntioanlityOnHomePage" name="FailedTestcase_matchingSearchedProduct" time="5.267"/>
  <system-out/>
</testsuite> <!-- testcases.VerifySearchFuntioanlityOnHomePage -->
