<?xml version="1.0" encoding="UTF-8"?>
<!-- Generated by org.testng.reporters.JUnitReportReporter -->
<testsuite hostname="DESKTOP-3689HFM" failures="0" tests="2" name="testcases.VerifySingleItemOrderType" time="13.334" errors="0" timestamp="2023-09-26T12:34:30 IST" skipped="0">
  <testcase classname="testcases.VerifySingleItemOrderType" name="VerifySingleLineOrder" time="6.851"/>
  <system-out/>
  <testcase classname="testcases.VerifySingleItemOrderType" name="VerifySingleLineMultiQtyOrder" time="6.483"/>
  <system-out/>
</testsuite> <!-- testcases.VerifySingleItemOrderType -->
