<?xml version="1.0" encoding="UTF-8"?>
<!-- Generated by org.testng.reporters.JUnitReportReporter -->
<testsuite hostname="DESKTOP-3689HFM" failures="0" tests="2" name="testcases.VerifySingleItemOrderType" time="18.340" errors="0" timestamp="2023-10-23T22:16:23 IST" skipped="0">
  <testcase classname="testcases.VerifySingleItemOrderType" name="VerifySingleLineMultiQtyOrder" time="9.038"/>
  <system-out/>
  <testcase classname="testcases.VerifySingleItemOrderType" name="VerifySingleLineOrder" time="9.302"/>
  <system-out/>
</testsuite> <!-- testcases.VerifySingleItemOrderType -->
