<?xml version="1.0" encoding="UTF-8"?>
<!-- Generated by org.testng.reporters.JUnitReportReporter -->
<testsuite hostname="DESKTOP-3689HFM" failures="0" tests="1" name="testcases.VerifyProductImagePriceAndAddToCartButtonAreDisplayedForEachProduct" time="5.639" errors="0" timestamp="2023-10-08T10:52:05 IST" skipped="0">
  <testcase classname="testcases.VerifyProductImagePriceAndAddToCartButtonAreDisplayedForEachProduct" name="verifyAllElements" time="5.639"/>
  <system-out/>
</testsuite> <!-- testcases.VerifyProductImagePriceAndAddToCartButtonAreDisplayedForEachProduct -->
