<?xml version="1.0" encoding="UTF-8"?>
<!-- Generated by org.testng.reporters.JUnitReportReporter -->
<testsuite hostname="DESKTOP-3689HFM" failures="0" tests="2" name="testcases.VerifyOrderCannotBePlacedWithoutSelectingTermsAndConditions" time="14.930" errors="0" timestamp="2023-10-08T10:52:05 IST" skipped="0">
  <testcase classname="testcases.VerifyOrderCannotBePlacedWithoutSelectingTermsAndConditions" name="selectTermsAndCondition" time="7.768"/>
  <system-out/>
  <testcase classname="testcases.VerifyOrderCannotBePlacedWithoutSelectingTermsAndConditions" name="FailingTestCase_notSelectTermsAndCondition" time="7.162"/>
  <system-out/>
</testsuite> <!-- testcases.VerifyOrderCannotBePlacedWithoutSelectingTermsAndConditions -->
