<?xml version="1.0" encoding="UTF-8"?>
<!-- Generated by org.testng.reporters.JUnitReportReporter -->
<testsuite hostname="DESKTOP-3689HFM" failures="0" tests="1" name="testcases.VerifyProductDetailsInMiniBasket" time="5.783" errors="0" timestamp="2023-09-26T15:48:39 IST" skipped="0">
  <testcase classname="testcases.VerifyProductDetailsInMiniBasket" name="checkDetailsInMiniBasket" time="5.783"/>
  <system-out/>
</testsuite> <!-- testcases.VerifyProductDetailsInMiniBasket -->
