<?xml version="1.0" encoding="UTF-8"?>
<!-- Generated by org.testng.reporters.JUnitReportReporter -->
<testsuite hostname="DESKTOP-3689HFM" failures="0" tests="1" name="testcases.VerifyProductsAreDisplayedOnTheHomePage" time="14.047" errors="0" timestamp="2023-10-08T10:52:05 IST" skipped="0">
  <testcase classname="testcases.VerifyProductsAreDisplayedOnTheHomePage" name="imageAreDisplayedOrNot" time="14.047"/>
  <system-out/>
</testsuite> <!-- testcases.VerifyProductsAreDisplayedOnTheHomePage -->
