<?xml version="1.0" encoding="UTF-8"?>
<!-- Generated by org.testng.reporters.JUnitReportReporter -->
<testsuite hostname="DESKTOP-3689HFM" failures="0" tests="2" name="testcases.VerifySingleItemOrderType" time="11.498" errors="0" timestamp="2023-10-08T10:52:05 IST" skipped="0">
  <testcase classname="testcases.VerifySingleItemOrderType" name="VerifySingleLineMultiQtyOrder" time="5.958"/>
  <system-out/>
  <testcase classname="testcases.VerifySingleItemOrderType" name="VerifySingleLineOrder" time="5.540"/>
  <system-out/>
</testsuite> <!-- testcases.VerifySingleItemOrderType -->
